<?xml version="1.0" encoding="UTF-8"?>
<testng-results ignored="0" total="1" passed="1" failed="0" skipped="0">
  <reporter-output>
  </reporter-output>
  <suite started-at="2025-12-03T16:47:45 CET" name="Surefire suite" finished-at="2025-12-03T16:48:30 CET" duration-ms="44958">
    <groups>
    </groups>
    <test started-at="2025-12-03T16:47:45 CET" name="Surefire test" finished-at="2025-12-03T16:48:30 CET" duration-ms="44958">
      <class name="tests.Blank_Password_Login_Test">
        <test-method is-config="true" signature="setup(java.lang.String)[pri:0, instance:tests.Blank_Password_Login_Test@3e2e18f2]" started-at="2025-12-03T16:47:45 CET" name="setup" finished-at="2025-12-03T16:48:08 CET" duration-ms="22943" status="PASS">
          <params>
            <param index="0">
              <value>
                <![CDATA[chrome]]>
              </value>
            </param>
          </params>
          <reporter-output>
          </reporter-output>
        </test-method> <!-- setup -->
        <test-method signature="Blank_Password_Login_Test(java.lang.String,java.lang.String)[pri:0, instance:tests.Blank_Password_Login_Test@3e2e18f2]" started-at="2025-12-03T16:48:08 CET" name="Blank_Password_Login_Test" data-provider="loginData" finished-at="2025-12-03T16:48:29 CET" duration-ms="21317" status="PASS">
          <params>
            <param index="0">
              <value>
                <![CDATA[admin]]>
              </value>
            </param>
            <param index="1">
              <value>
                <![CDATA[]]>
              </value>
            </param>
          </params>
          <reporter-output>
          </reporter-output>
        </test-method> <!-- Blank_Password_Login_Test -->
        <test-method is-config="true" signature="screnshootIfFails(org.testng.ITestResult)[pri:0, instance:tests.Blank_Password_Login_Test@3e2e18f2]" started-at="2025-12-03T16:48:29 CET" name="screnshootIfFails" finished-at="2025-12-03T16:48:30 CET" duration-ms="620" status="PASS">
          <params>
            <param index="0">
              <value>
                <![CDATA[[TestResult name=Blank_Password_Login_Test status=SUCCESS method=Blank_Password_Login_Test.Blank_Password_Login_Test(java.lang.String,java.lang.String)[pri:0, instance:tests.Blank_Password_Login_Test@3e2e18f2] output={null}]]]>
              </value>
            </param>
          </params>
          <reporter-output>
          </reporter-output>
        </test-method> <!-- screnshootIfFails -->
      </class> <!-- tests.Blank_Password_Login_Test -->
    </test> <!-- Surefire test -->
  </suite> <!-- Surefire suite -->
</testng-results>
