<?xml version="1.0" encoding="UTF-8"?>
<testsuite xmlns:xsi="http://www.w3.org/2001/XMLSchema-instance" xsi:noNamespaceSchemaLocation="https://maven.apache.org/surefire/maven-surefire-plugin/xsd/surefire-test-report-3.0.xsd" version="3.0" name="tests.ApiTests_Rest_Assured" time="2.608" tests="6" errors="0" skipped="0" failures="0">
  <properties>
[...]
</properties>
  <testcase name="testGetPostInvalidId" classname="tests.ApiTests_Rest_Assured" time="0.864">
    <system-out><![CDATA[Request method:	GET
Request URI:	https://jsonplaceholder.typicode.com/posts/999999
Proxy:			<none>
Request params:	<none>
Query params:	<none>
Form params:	<none>
Path params:	<none>
Headers:		Accept=*/*
Cookies:		<none>
Multiparts:		<none>
Body:			<none>
HTTP/1.1 404 Not Found
Date: Tue, 26 May 2026 10:35:14 GMT
Content-Type: application/json; charset=utf-8
Content-Length: 2
Connection: keep-alive
access-control-allow-credentials: true
Cache-Control: max-age=43200
etag: W/"2-vyGp6PvFo4RvsFtPoIWeCReyIC8"
expires: -1
nel: {"report_to":"heroku-nel","response_headers":["Via"],"max_age":3600,"success_fraction":0.01,"failure_fraction":0.1}
pragma: no-cache
report-to: {"group":"heroku-nel","endpoints":[{"url":"https://nel.heroku.com/reports?s=8Tj9%2FJqj3Hr8gDZyCTVySw58CkeBNAP3qML5uNJgo0c%3D\u0026sid=e11707d5-02a7-43ef-b45e-2cf4d2036f7d\u0026ts=1779783070"}],"max_age":3600}
reporting-endpoints: heroku-nel="https://nel.heroku.com/reports?s=8Tj9%2FJqj3Hr8gDZyCTVySw58CkeBNAP3qML5uNJgo0c%3D&sid=e11707d5-02a7-43ef-b45e-2cf4d2036f7d&ts=1779783070"
Server: cloudflare
vary: Origin, Accept-Encoding
via: 2.0 heroku-router
x-content-type-options: nosniff
x-powered-by: Express
x-ratelimit-limit: 1000
x-ratelimit-remaining: 999
x-ratelimit-reset: 1779783089
Age: 8643
cf-cache-status: HIT
CF-RAY: a01c21c5780813a4-MAD
alt-svc: h3=":443"; ma=86400

{
    
}
]]></system-out>
  </testcase>
  <testcase name="testUpdatePost" classname="tests.ApiTests_Rest_Assured" time="0.752">
    <system-out><![CDATA[Request method:	PUT
Request URI:	https://jsonplaceholder.typicode.com/posts/1
Proxy:			<none>
Request params:	<none>
Query params:	<none>
Form params:	<none>
Path params:	<none>
Headers:		Accept=*/*
				Content-Type=application/json
Cookies:		<none>
Multiparts:		<none>
Body:
{
    "id": 1,
    "title": "Updated title",
    "body": "Updated Content",
    "userId": 1
}
HTTP/1.1 200 OK
Date: Tue, 26 May 2026 10:35:14 GMT
Content-Type: application/json; charset=utf-8
Transfer-Encoding: chunked
Connection: keep-alive
access-control-allow-credentials: true
Cache-Control: no-cache
etag: W/"55-kZLt7OyHnaBJhpfoHYLhSoYb+js"
expires: -1
nel: {"report_to":"heroku-nel","response_headers":["Via"],"max_age":3600,"success_fraction":0.01,"failure_fraction":0.1}
pragma: no-cache
report-to: {"group":"heroku-nel","endpoints":[{"url":"https://nel.heroku.com/reports?s=45HqqJmZMFc6bnWN6K%2BytFFZY05AmrRSc8kDilxkgq0%3D\u0026sid=e11707d5-02a7-43ef-b45e-2cf4d2036f7d\u0026ts=1779791714"}],"max_age":3600}
reporting-endpoints: heroku-nel="https://nel.heroku.com/reports?s=45HqqJmZMFc6bnWN6K%2BytFFZY05AmrRSc8kDilxkgq0%3D&sid=e11707d5-02a7-43ef-b45e-2cf4d2036f7d&ts=1779791714"
Server: cloudflare
vary: Origin, Accept-Encoding
via: 2.0 heroku-router
x-content-type-options: nosniff
x-powered-by: Express
x-ratelimit-limit: 1000
x-ratelimit-remaining: 999
x-ratelimit-reset: 1779791729
cf-cache-status: DYNAMIC
Content-Encoding: gzip
CF-RAY: a01c21c68abc0775-MAD
alt-svc: h3=":443"; ma=86400

{
    "id": 1,
    "title": "Updated title",
    "body": "Updated Content",
    "userId": 1
}
]]></system-out>
  </testcase>
  <testcase name="testGetPost" classname="tests.ApiTests_Rest_Assured" time="0.119">
    <system-out><![CDATA[Request method:	GET
Request URI:	https://jsonplaceholder.typicode.com/posts/1
Proxy:			<none>
Request params:	<none>
Query params:	<none>
Form params:	<none>
Path params:	<none>
Headers:		Accept=*/*
Cookies:		<none>
Multiparts:		<none>
Body:			<none>
HTTP/1.1 200 OK
Date: Tue, 26 May 2026 10:35:15 GMT
Content-Type: application/json; charset=utf-8
Transfer-Encoding: chunked
Connection: keep-alive
access-control-allow-credentials: true
Cache-Control: max-age=43200
etag: W/"124-yiKdLzqO5gfBrJFrcdJ8Yq0LGnU"
expires: -1
nel: {"report_to":"heroku-nel","response_headers":["Via"],"max_age":3600,"success_fraction":0.01,"failure_fraction":0.1}
pragma: no-cache
report-to: {"group":"heroku-nel","endpoints":[{"url":"https://nel.heroku.com/reports?s=LgQYKs31p3l6JTQDpxIdcnRVi%2FmqgK7qvgm3r%2F%2BJQPg%3D\u0026sid=e11707d5-02a7-43ef-b45e-2cf4d2036f7d\u0026ts=1777278631"}],"max_age":3600}
reporting-endpoints: heroku-nel="https://nel.heroku.com/reports?s=LgQYKs31p3l6JTQDpxIdcnRVi%2FmqgK7qvgm3r%2F%2BJQPg%3D&sid=e11707d5-02a7-43ef-b45e-2cf4d2036f7d&ts=1777278631"
Server: cloudflare
vary: Origin, Accept-Encoding
via: 2.0 heroku-router
x-content-type-options: nosniff
x-powered-by: Express
x-ratelimit-limit: 1000
x-ratelimit-remaining: 999
x-ratelimit-reset: 1777278689
Age: 22996
cf-cache-status: HIT
Content-Encoding: gzip
CF-RAY: a01c21cb492fec95-MAD
alt-svc: h3=":443"; ma=86400

{
    "userId": 1,
    "id": 1,
    "title": "sunt aut facere repellat provident occaecati excepturi optio reprehenderit",
    "body": "quia et suscipit\nsuscipit recusandae consequuntur expedita et cum\nreprehenderit molestiae ut ut quas totam\nnostrum rerum est autem sunt rem eveniet architecto"
}
]]></system-out>
  </testcase>
  <testcase name="testPatchPost" classname="tests.ApiTests_Rest_Assured" time="0.192">
    <system-out><![CDATA[Request method:	PATCH
Request URI:	https://jsonplaceholder.typicode.com/posts/1
Proxy:			<none>
Request params:	<none>
Query params:	<none>
Form params:	<none>
Path params:	<none>
Headers:		Accept=*/*
				Content-Type=application/json
Cookies:		<none>
Multiparts:		<none>
Body:
{
    "title": "Partially updated title"
}
HTTP/1.1 200 OK
Date: Tue, 26 May 2026 10:35:15 GMT
Content-Type: application/json; charset=utf-8
Transfer-Encoding: chunked
Connection: keep-alive
access-control-allow-credentials: true
Cache-Control: no-cache
etag: W/"f1-klVTqE//ALQcBlQWaupLaSMlrrw"
expires: -1
nel: {"report_to":"heroku-nel","response_headers":["Via"],"max_age":3600,"success_fraction":0.01,"failure_fraction":0.1}
pragma: no-cache
report-to: {"group":"heroku-nel","endpoints":[{"url":"https://nel.heroku.com/reports?s=xwKkQq5eWhd8M0mX0TUSTm7sVFN97T3rVn1Aty1EeIM%3D\u0026sid=e11707d5-02a7-43ef-b45e-2cf4d2036f7d\u0026ts=1779791715"}],"max_age":3600}
reporting-endpoints: heroku-nel="https://nel.heroku.com/reports?s=xwKkQq5eWhd8M0mX0TUSTm7sVFN97T3rVn1Aty1EeIM%3D&sid=e11707d5-02a7-43ef-b45e-2cf4d2036f7d&ts=1779791715"
Server: cloudflare
vary: Origin, Accept-Encoding
via: 2.0 heroku-router
x-content-type-options: nosniff
x-powered-by: Express
x-ratelimit-limit: 1000
x-ratelimit-remaining: 998
x-ratelimit-reset: 1779791729
cf-cache-status: DYNAMIC
Content-Encoding: gzip
CF-RAY: a01c21cbdc9eda9d-MAD
alt-svc: h3=":443"; ma=86400

{
    "userId": 1,
    "id": 1,
    "title": "Partially updated title",
    "body": "quia et suscipit\nsuscipit recusandae consequuntur expedita et cum\nreprehenderit molestiae ut ut quas totam\nnostrum rerum est autem sunt rem eveniet architecto"
}
]]></system-out>
  </testcase>
  <testcase name="testCreatePost" classname="tests.ApiTests_Rest_Assured" time="0.201">
    <system-out><![CDATA[Request method:	POST
Request URI:	https://jsonplaceholder.typicode.com/posts
Proxy:			<none>
Request params:	<none>
Query params:	<none>
Form params:	<none>
Path params:	<none>
Headers:		Accept=*/*
				Content-Type=application/json
Cookies:		<none>
Multiparts:		<none>
Body:
{
    "title": "foo",
    "body": "bar",
    "userId": 1
}
HTTP/1.1 201 Created
Date: Tue, 26 May 2026 10:35:15 GMT
Content-Type: application/json; charset=utf-8
Content-Length: 65
Connection: keep-alive
access-control-allow-credentials: true
access-control-expose-headers: Location
Cache-Control: no-cache
etag: W/"41-GDNaWfnVU6RZhpLbye0veBaqcHA"
expires: -1
location: https://jsonplaceholder.typicode.com/posts/101
nel: {"report_to":"heroku-nel","response_headers":["Via"],"max_age":3600,"success_fraction":0.01,"failure_fraction":0.1}
pragma: no-cache
report-to: {"group":"heroku-nel","endpoints":[{"url":"https://nel.heroku.com/reports?s=xwKkQq5eWhd8M0mX0TUSTm7sVFN97T3rVn1Aty1EeIM%3D\u0026sid=e11707d5-02a7-43ef-b45e-2cf4d2036f7d\u0026ts=1779791715"}],"max_age":3600}
reporting-endpoints: heroku-nel="https://nel.heroku.com/reports?s=xwKkQq5eWhd8M0mX0TUSTm7sVFN97T3rVn1Aty1EeIM%3D&sid=e11707d5-02a7-43ef-b45e-2cf4d2036f7d&ts=1779791715"
Server: cloudflare
vary: Origin, X-HTTP-Method-Override, Accept-Encoding
via: 2.0 heroku-router
x-content-type-options: nosniff
x-powered-by: Express
x-ratelimit-limit: 1000
x-ratelimit-remaining: 997
x-ratelimit-reset: 1779791729
cf-cache-status: DYNAMIC
CF-RAY: a01c21cd08eb030f-MAD
alt-svc: h3=":443"; ma=86400

{
    "title": "foo",
    "body": "bar",
    "userId": 1,
    "id": 101
}
]]></system-out>
  </testcase>
  <testcase name="testDeletePost" classname="tests.ApiTests_Rest_Assured" time="0.163">
    <system-out><![CDATA[Request method:	DELETE
Request URI:	https://jsonplaceholder.typicode.com/posts/1
Proxy:			<none>
Request params:	<none>
Query params:	<none>
Form params:	<none>
Path params:	<none>
Headers:		Accept=*/*
Cookies:		<none>
Multiparts:		<none>
Body:			<none>
HTTP/1.1 200 OK
Date: Tue, 26 May 2026 10:35:15 GMT
Content-Type: application/json; charset=utf-8
Content-Length: 2
Connection: keep-alive
access-control-allow-credentials: true
Cache-Control: no-cache
etag: W/"2-vyGp6PvFo4RvsFtPoIWeCReyIC8"
expires: -1
nel: {"report_to":"heroku-nel","response_headers":["Via"],"max_age":3600,"success_fraction":0.01,"failure_fraction":0.1}
pragma: no-cache
report-to: {"group":"heroku-nel","endpoints":[{"url":"https://nel.heroku.com/reports?s=xwKkQq5eWhd8M0mX0TUSTm7sVFN97T3rVn1Aty1EeIM%3D\u0026sid=e11707d5-02a7-43ef-b45e-2cf4d2036f7d\u0026ts=1779791715"}],"max_age":3600}
reporting-endpoints: heroku-nel="https://nel.heroku.com/reports?s=xwKkQq5eWhd8M0mX0TUSTm7sVFN97T3rVn1Aty1EeIM%3D&sid=e11707d5-02a7-43ef-b45e-2cf4d2036f7d&ts=1779791715"
Server: cloudflare
vary: Origin, Accept-Encoding
via: 2.0 heroku-router
x-content-type-options: nosniff
x-powered-by: Express
x-ratelimit-limit: 1000
x-ratelimit-remaining: 996
x-ratelimit-reset: 1779791729
cf-cache-status: DYNAMIC
CF-RAY: a01c21ce4ddeec91-MAD
alt-svc: h3=":443"; ma=86400

{
    
}
]]></system-out>
  </testcase>
</testsuite>